<?xml version="1.0" encoding="UTF-8" ?>
<testsuite errors="0" skipped="0" tests="1" time="0.006" failures="0" name="co.uk.javavm.spring.core.AppTest">
  <properties>
    <property value="Java(TM) 2 Runtime Environment, Standard Edition" name="java.runtime.name"/>
    <property value="C:\Program Files (x86)\Java\jdk1.5.0_10\jre\bin" name="sun.boot.library.path"/>
    <property value="1.5.0_10-b03" name="java.vm.version"/>
    <property value="Sun Microsystems Inc." name="java.vm.vendor"/>
    <property value="http://java.sun.com/" name="java.vendor.url"/>
    <property value=";" name="path.separator"/>
    <property value="Java HotSpot(TM) Client VM" name="java.vm.name"/>
    <property value="sun.io" name="file.encoding.pkg"/>
    <property value="GB" name="user.country"/>
    <property value="Service Pack 1" name="sun.os.patch.level"/>
    <property value="Java Virtual Machine Specification" name="java.vm.specification.name"/>
    <property value="D:\git\gitrepo\SpringCoreExample" name="user.dir"/>
    <property value="1.5.0_10-b03" name="java.runtime.version"/>
    <property value="sun.awt.Win32GraphicsEnvironment" name="java.awt.graphicsenv"/>
    <property value="D:\git\gitrepo\SpringCoreExample" name="basedir"/>
    <property value="C:\Program Files (x86)\Java\jdk1.5.0_10\jre\lib\endorsed" name="java.endorsed.dirs"/>
    <property value="x86" name="os.arch"/>
    <property value="D:\git\gitrepo\SpringCoreExample\target\surefire\surefirebooter62635.jar" name="surefire.real.class.path"/>
    <property value="C:\Users\rawatd\AppData\Local\Temp\" name="java.io.tmpdir"/>
    <property value="
" name="line.separator"/>
    <property value="Sun Microsystems Inc." name="java.vm.specification.vendor"/>
    <property value="" name="user.variant"/>
    <property value="Windows Vista" name="os.name"/>
    <property value="Cp1252" name="sun.jnu.encoding"/>
    <property value="C:\Program Files (x86)\Java\jdk1.5.0_10\jre\bin;.;C:\Windows\system32;C:\Windows;C:\Windows\system32;C:\Windows;C:\Windows\System32\Wbem;C:\Windows\System32\WindowsPowerShell\v1.0\;C:\Program Files (x86)\Subversion\bin;C:\Program Files\SlikSvn\bin\;C:\dev\maven\apache-maven-3.0.3-bin\apache-maven-3.0.3\bin;C:\Program Files (x86)\Java\jdk1.5.0_10\bin;C:\Program Files\TortoiseSVN\bin" name="java.library.path"/>
    <property value="D:\git\gitrepo\SpringCoreExample\target\test-classes;D:\git\gitrepo\SpringCoreExample\target\classes;C:\Users\rawatd\.m2\repository\junit\junit\3.8.1\junit-3.8.1.jar;C:\Users\rawatd\.m2\repository\org\springframework\spring-context\3.1.1.RELEASE\spring-context-3.1.1.RELEASE.jar;C:\Users\rawatd\.m2\repository\org\springframework\spring-aop\3.1.1.RELEASE\spring-aop-3.1.1.RELEASE.jar;C:\Users\rawatd\.m2\repository\aopalliance\aopalliance\1.0\aopalliance-1.0.jar;C:\Users\rawatd\.m2\repository\org\springframework\spring-beans\3.1.1.RELEASE\spring-beans-3.1.1.RELEASE.jar;C:\Users\rawatd\.m2\repository\org\springframework\spring-core\3.1.1.RELEASE\spring-core-3.1.1.RELEASE.jar;C:\Users\rawatd\.m2\repository\commons-logging\commons-logging\1.1.1\commons-logging-1.1.1.jar;C:\Users\rawatd\.m2\repository\org\springframework\spring-expression\3.1.1.RELEASE\spring-expression-3.1.1.RELEASE.jar;C:\Users\rawatd\.m2\repository\org\springframework\spring-asm\3.1.1.RELEASE\spring-asm-3.1.1.RELEASE.jar;C:\Users\rawatd\.m2\repository\cglib\cglib\2.2.2\cglib-2.2.2.jar;C:\Users\rawatd\.m2\repository\asm\asm\3.3.1\asm-3.3.1.jar;" name="surefire.test.class.path"/>
    <property value="Java Platform API Specification" name="java.specification.name"/>
    <property value="49.0" name="java.class.version"/>
    <property value="HotSpot Client Compiler" name="sun.management.compiler"/>
    <property value="6.1" name="os.version"/>
    <property value="C:\Users\rawatd" name="user.home"/>
    <property value="" name="user.timezone"/>
    <property value="sun.awt.windows.WPrinterJob" name="java.awt.printerjob"/>
    <property value="Cp1252" name="file.encoding"/>
    <property value="1.5" name="java.specification.version"/>
    <property value="rawatd" name="user.name"/>
    <property value="D:\git\gitrepo\SpringCoreExample\target\test-classes;D:\git\gitrepo\SpringCoreExample\target\classes;C:\Users\rawatd\.m2\repository\junit\junit\3.8.1\junit-3.8.1.jar;C:\Users\rawatd\.m2\repository\org\springframework\spring-context\3.1.1.RELEASE\spring-context-3.1.1.RELEASE.jar;C:\Users\rawatd\.m2\repository\org\springframework\spring-aop\3.1.1.RELEASE\spring-aop-3.1.1.RELEASE.jar;C:\Users\rawatd\.m2\repository\aopalliance\aopalliance\1.0\aopalliance-1.0.jar;C:\Users\rawatd\.m2\repository\org\springframework\spring-beans\3.1.1.RELEASE\spring-beans-3.1.1.RELEASE.jar;C:\Users\rawatd\.m2\repository\org\springframework\spring-core\3.1.1.RELEASE\spring-core-3.1.1.RELEASE.jar;C:\Users\rawatd\.m2\repository\commons-logging\commons-logging\1.1.1\commons-logging-1.1.1.jar;C:\Users\rawatd\.m2\repository\org\springframework\spring-expression\3.1.1.RELEASE\spring-expression-3.1.1.RELEASE.jar;C:\Users\rawatd\.m2\repository\org\springframework\spring-asm\3.1.1.RELEASE\spring-asm-3.1.1.RELEASE.jar;C:\Users\rawatd\.m2\repository\cglib\cglib\2.2.2\cglib-2.2.2.jar;C:\Users\rawatd\.m2\repository\asm\asm\3.3.1\asm-3.3.1.jar;" name="java.class.path"/>
    <property value="1.0" name="java.vm.specification.version"/>
    <property value="32" name="sun.arch.data.model"/>
    <property value="C:\Program Files (x86)\Java\jdk1.5.0_10\jre" name="java.home"/>
    <property value="Sun Microsystems Inc." name="java.specification.vendor"/>
    <property value="en" name="user.language"/>
    <property value="sun.awt.windows.WToolkit" name="awt.toolkit"/>
    <property value="mixed mode" name="java.vm.info"/>
    <property value="1.5.0_10" name="java.version"/>
    <property value="C:\Program Files (x86)\Java\jdk1.5.0_10\jre\lib\ext" name="java.ext.dirs"/>
    <property value="C:\Program Files (x86)\Java\jdk1.5.0_10\jre\lib\rt.jar;C:\Program Files (x86)\Java\jdk1.5.0_10\jre\lib\i18n.jar;C:\Program Files (x86)\Java\jdk1.5.0_10\jre\lib\sunrsasign.jar;C:\Program Files (x86)\Java\jdk1.5.0_10\jre\lib\jsse.jar;C:\Program Files (x86)\Java\jdk1.5.0_10\jre\lib\jce.jar;C:\Program Files (x86)\Java\jdk1.5.0_10\jre\lib\charsets.jar;C:\Program Files (x86)\Java\jdk1.5.0_10\jre\classes" name="sun.boot.class.path"/>
    <property value="Sun Microsystems Inc." name="java.vendor"/>
    <property value="C:\Users\rawatd\.m2\repository" name="localRepository"/>
    <property value="\" name="file.separator"/>
    <property value="http://java.sun.com/cgi-bin/bugreport.cgi" name="java.vendor.url.bug"/>
    <property value="little" name="sun.cpu.endian"/>
    <property value="UnicodeLittle" name="sun.io.unicode.encoding"/>
    <property value="windows" name="sun.desktop"/>
    <property value="pentium_pro+mmx pentium_pro pentium+mmx pentium i486 i386 i86" name="sun.cpu.isalist"/>
  </properties>
  <testcase classname="co.uk.javavm.spring.core.AppTest" time="0.001" name="testApp"/>
</testsuite>